<?xml version="1.0" encoding="UTF-8"?>
<!-- Generated by org.testng.reporters.JUnitReportReporter -->
<testsuite hostname="Karim" failures="0" tests="42" name="api.test.DDTests" time="164.098" errors="0" timestamp="2024-06-09T18:11:16 IST" skipped="0">
  <testcase classname="api.test.DDTests" name="testPostuser" time="2.498"/>
  <testcase classname="api.test.DDTests" name="testPostuser" time="2.433"/>
  <testcase classname="api.test.DDTests" name="testPostuser" time="5.667"/>
  <testcase classname="api.test.DDTests" name="testPostuser" time="3.047"/>
  <testcase classname="api.test.DDTests" name="testPostuser" time="4.983"/>
  <testcase classname="api.test.DDTests" name="testPostuser" time="5.088"/>
  <testcase classname="api.test.DDTests" name="testPostuser" time="4.471"/>
  <testcase classname="api.test.DDTests" name="testPostuser" time="1.114"/>
  <testcase classname="api.test.DDTests" name="testPostuser" time="1.034"/>
  <testcase classname="api.test.DDTests" name="testPostuser" time="4.921"/>
  <testcase classname="api.test.DDTests" name="testPostuser" time="3.872"/>
  <testcase classname="api.test.DDTests" name="testPostuser" time="7.674"/>
  <testcase classname="api.test.DDTests" name="testPostuser" time="1.107"/>
  <testcase classname="api.test.DDTests" name="testPostuser" time="3.690"/>
  <testcase classname="api.test.DDTests" name="testUpdateuser" time="1.077"/>
  <testcase classname="api.test.DDTests" name="testUpdateuser" time="3.850"/>
  <testcase classname="api.test.DDTests" name="testUpdateuser" time="3.838"/>
  <testcase classname="api.test.DDTests" name="testUpdateuser" time="8.899"/>
  <testcase classname="api.test.DDTests" name="testUpdateuser" time="2.163"/>
  <testcase classname="api.test.DDTests" name="testUpdateuser" time="5.346"/>
  <testcase classname="api.test.DDTests" name="testUpdateuser" time="5.589"/>
  <testcase classname="api.test.DDTests" name="testUpdateuser" time="2.374"/>
  <testcase classname="api.test.DDTests" name="testUpdateuser" time="4.815"/>
  <testcase classname="api.test.DDTests" name="testUpdateuser" time="1.072"/>
  <testcase classname="api.test.DDTests" name="testUpdateuser" time="3.691"/>
  <testcase classname="api.test.DDTests" name="testUpdateuser" time="1.650"/>
  <testcase classname="api.test.DDTests" name="testUpdateuser" time="9.944"/>
  <testcase classname="api.test.DDTests" name="testUpdateuser" time="9.837"/>
  <testcase classname="api.test.DDTests" name="testDeleteUserByName" time="3.521"/>
  <testcase classname="api.test.DDTests" name="testDeleteUserByName" time="2.908"/>
  <testcase classname="api.test.DDTests" name="testDeleteUserByName" time="1.433"/>
  <testcase classname="api.test.DDTests" name="testDeleteUserByName" time="5.105"/>
  <testcase classname="api.test.DDTests" name="testDeleteUserByName" time="4.234"/>
  <testcase classname="api.test.DDTests" name="testDeleteUserByName" time="5.854"/>
  <testcase classname="api.test.DDTests" name="testDeleteUserByName" time="1.750"/>
  <testcase classname="api.test.DDTests" name="testDeleteUserByName" time="2.999"/>
  <testcase classname="api.test.DDTests" name="testDeleteUserByName" time="1.083"/>
  <testcase classname="api.test.DDTests" name="testDeleteUserByName" time="6.964"/>
  <testcase classname="api.test.DDTests" name="testDeleteUserByName" time="3.423"/>
  <testcase classname="api.test.DDTests" name="testDeleteUserByName" time="2.805"/>
  <testcase classname="api.test.DDTests" name="testDeleteUserByName" time="3.785"/>
  <testcase classname="api.test.DDTests" name="testDeleteUserByName" time="2.490"/>
</testsuite> <!-- api.test.DDTests -->
