<?xml version="1.0" encoding="UTF-8"?>
<!-- Generated by org.testng.reporters.JUnitReportReporter -->
<testsuite hostname="Karim" failures="0" tests="13" name="api.test.StoreTests" time="20.199" errors="0" timestamp="2024-06-23T15:32:23 IST" skipped="0">
  <testcase classname="api.test.StoreTests" name="testPostOrderPets" time="1.188"/>
  <testcase classname="api.test.StoreTests" name="testPostOrderPets" time="4.876"/>
  <testcase classname="api.test.StoreTests" name="testPostOrderPets" time="1.143"/>
  <testcase classname="api.test.StoreTests" name="testPostOrderPets" time="1.242"/>
  <testcase classname="api.test.StoreTests" name="testPostOrderPets" time="1.210"/>
  <testcase classname="api.test.StoreTests" name="testPostOrderPets" time="1.157"/>
  <testcase classname="api.test.StoreTests" name="testPostOrderPets" time="1.183"/>
  <testcase classname="api.test.StoreTests" name="testPostOrderPets" time="1.139"/>
  <testcase classname="api.test.StoreTests" name="testPostOrderPets" time="1.189"/>
  <testcase classname="api.test.StoreTests" name="testPostOrderPets" time="1.144"/>
  <testcase classname="api.test.StoreTests" name="testStoreInventory" time="1.300"/>
  <testcase classname="api.test.StoreTests" name="testGetOrderId" time="1.206"/>
  <testcase classname="api.test.StoreTests" name="testdeleteOrderId" time="2.222"/>
</testsuite> <!-- api.test.StoreTests -->
