<?xml version="1.0" encoding="UTF-8"?>
<!-- Generated by org.testng.reporters.JUnitReportReporter -->
<testsuite hostname="Karim" failures="0" tests="23" name="api.test.PetTests" time="29.358" errors="0" timestamp="2024-06-23T13:29:14 IST" skipped="0">
  <testcase classname="api.test.PetTests" name="testAddPet" time="1.106"/>
  <testcase classname="api.test.PetTests" name="testAddPet" time="1.092"/>
  <testcase classname="api.test.PetTests" name="testAddPet" time="1.149"/>
  <testcase classname="api.test.PetTests" name="testAddPet" time="1.130"/>
  <testcase classname="api.test.PetTests" name="testAddPet" time="3.728"/>
  <testcase classname="api.test.PetTests" name="testAddPet" time="1.209"/>
  <testcase classname="api.test.PetTests" name="testAddPet" time="1.162"/>
  <testcase classname="api.test.PetTests" name="testAddPet" time="1.092"/>
  <testcase classname="api.test.PetTests" name="testAddPet" time="1.152"/>
  <testcase classname="api.test.PetTests" name="testAddPet" time="1.128"/>
  <testcase classname="api.test.PetTests" name="testAddPet" time="1.040"/>
  <testcase classname="api.test.PetTests" name="testAddPet" time="1.133"/>
  <testcase classname="api.test.PetTests" name="testAddPet" time="1.128"/>
  <testcase classname="api.test.PetTests" name="testAddPet" time="1.092"/>
  <testcase classname="api.test.PetTests" name="testUpdatePet" time="1.166"/>
  <testcase classname="api.test.PetTests" name="testUpdatePet" time="1.088"/>
  <testcase classname="api.test.PetTests" name="testUpdatePet" time="1.079"/>
  <testcase classname="api.test.PetTests" name="testUpdatePet" time="1.078"/>
  <testcase classname="api.test.PetTests" name="testUpdatePet" time="1.097"/>
  <testcase classname="api.test.PetTests" name="testFindByStatus" time="1.618"/>
  <testcase classname="api.test.PetTests" name="testfindPetId" time="1.488"/>
  <testcase classname="api.test.PetTests" name="testUpdatePet1" time="1.073"/>
  <testcase classname="api.test.PetTests" name="testdeleteById" time="1.330"/>
</testsuite> <!-- api.test.PetTests -->
