<?xml version="1.0" encoding="UTF-8"?>
<!-- Generated by org.testng.reporters.JUnitReportReporter -->
<testsuite hostname="Karim" failures="0" tests="4" name="api.test.UserTests2" time="22.016" errors="0" timestamp="2024-06-09T18:11:16 IST" skipped="0">
  <testcase classname="api.test.UserTests2" name="testCreateUser" time="9.119"/>
  <testcase classname="api.test.UserTests2" name="testGetUserByName" time="3.313"/>
  <testcase classname="api.test.UserTests2" name="testUpdateUserByName" time="7.260"/>
  <testcase classname="api.test.UserTests2" name="testDeleteUserByName" time="2.324"/>
</testsuite> <!-- api.test.UserTests2 -->
