<?xml version="1.0" encoding="UTF-8"?>
<!-- Generated by org.testng.reporters.JUnitReportReporter -->
<testsuite hostname="Karim" failures="0" tests="4" name="api.test.UserTests" time="21.025" errors="0" timestamp="2024-06-09T16:32:44 IST" skipped="0">
  <testcase classname="api.test.UserTests" name="testCreateUser" time="6.439"/>
  <testcase classname="api.test.UserTests" name="testGetUserByName" time="2.893"/>
  <testcase classname="api.test.UserTests" name="testUpdateUserByName" time="6.878"/>
  <testcase classname="api.test.UserTests" name="testDeleteUserByName" time="4.815"/>
</testsuite> <!-- api.test.UserTests -->
