<?xml version="1.0" encoding="UTF-8"?>
<!-- Generated by org.testng.reporters.JUnitReportReporter -->
<testsuite hostname="Karim" failures="0" tests="13" name="api.test.StoreTests" time="17.362" errors="0" timestamp="2024-06-13T09:13:53 IST" skipped="0">
  <testcase classname="api.test.StoreTests" name="testPostOrderPets" time="1.139"/>
  <testcase classname="api.test.StoreTests" name="testPostOrderPets" time="3.647"/>
  <testcase classname="api.test.StoreTests" name="testPostOrderPets" time="1.223"/>
  <testcase classname="api.test.StoreTests" name="testPostOrderPets" time="1.130"/>
  <testcase classname="api.test.StoreTests" name="testPostOrderPets" time="1.094"/>
  <testcase classname="api.test.StoreTests" name="testPostOrderPets" time="1.118"/>
  <testcase classname="api.test.StoreTests" name="testPostOrderPets" time="1.171"/>
  <testcase classname="api.test.StoreTests" name="testPostOrderPets" time="1.130"/>
  <testcase classname="api.test.StoreTests" name="testPostOrderPets" time="1.136"/>
  <testcase classname="api.test.StoreTests" name="testPostOrderPets" time="1.161"/>
  <testcase classname="api.test.StoreTests" name="testStoreInventory" time="1.139"/>
  <testcase classname="api.test.StoreTests" name="testGetOrderId" time="1.162"/>
  <testcase classname="api.test.StoreTests" name="testdeleteOrderId" time="1.112"/>
</testsuite> <!-- api.test.StoreTests -->
