<?xml version="1.0" encoding="UTF-8"?>
<!-- Generated by org.testng.reporters.JUnitReportReporter -->
<testsuite hostname="Karim" failures="0" tests="23" name="api.test.PetTests" time="28.517" errors="0" timestamp="2024-06-23T13:34:48 IST" skipped="0">
  <testcase classname="api.test.PetTests" name="testAddPet" time="1.131"/>
  <testcase classname="api.test.PetTests" name="testAddPet" time="1.310"/>
  <testcase classname="api.test.PetTests" name="testAddPet" time="1.090"/>
  <testcase classname="api.test.PetTests" name="testAddPet" time="1.084"/>
  <testcase classname="api.test.PetTests" name="testAddPet" time="3.887"/>
  <testcase classname="api.test.PetTests" name="testAddPet" time="1.062"/>
  <testcase classname="api.test.PetTests" name="testAddPet" time="1.153"/>
  <testcase classname="api.test.PetTests" name="testAddPet" time="1.078"/>
  <testcase classname="api.test.PetTests" name="testAddPet" time="1.044"/>
  <testcase classname="api.test.PetTests" name="testAddPet" time="1.048"/>
  <testcase classname="api.test.PetTests" name="testAddPet" time="1.079"/>
  <testcase classname="api.test.PetTests" name="testAddPet" time="1.093"/>
  <testcase classname="api.test.PetTests" name="testAddPet" time="1.043"/>
  <testcase classname="api.test.PetTests" name="testAddPet" time="1.053"/>
  <testcase classname="api.test.PetTests" name="testUpdatePet" time="1.149"/>
  <testcase classname="api.test.PetTests" name="testUpdatePet" time="1.053"/>
  <testcase classname="api.test.PetTests" name="testUpdatePet" time="1.046"/>
  <testcase classname="api.test.PetTests" name="testUpdatePet" time="1.079"/>
  <testcase classname="api.test.PetTests" name="testUpdatePet" time="1.131"/>
  <testcase classname="api.test.PetTests" name="testFindByStatus" time="1.512"/>
  <testcase classname="api.test.PetTests" name="testfindPetId" time="1.117"/>
  <testcase classname="api.test.PetTests" name="testUpdatePet1" time="1.089"/>
  <testcase classname="api.test.PetTests" name="testdeleteById" time="1.186"/>
</testsuite> <!-- api.test.PetTests -->
