<?xml version="1.0" encoding="UTF-8"?>
<!-- Generated by org.testng.reporters.JUnitReportReporter -->
<testsuite hostname="Karim" failures="0" tests="1" name="api.test.OrderorDeleteByIdTests" time="3.371" errors="0" timestamp="2024-06-13T09:12:08 IST" skipped="0">
  <testcase classname="api.test.OrderorDeleteByIdTests" name="testGetOrderId" time="3.371"/>
</testsuite> <!-- api.test.OrderorDeleteByIdTests -->
