<?xml version="1.0" encoding="UTF-8"?>
<!-- Generated by org.testng.reporters.JUnitReportReporter -->
<testsuite hostname="Karim" failures="0" tests="4" name="api.test.UserTests" time="5.321" errors="0" timestamp="2024-06-23T13:33:28 IST" skipped="0">
  <testcase classname="api.test.UserTests" name="testCreateUser" time="1.084"/>
  <testcase classname="api.test.UserTests" name="testGetUserByName" time="1.057"/>
  <testcase classname="api.test.UserTests" name="testUpdateUserByName" time="2.094"/>
  <testcase classname="api.test.UserTests" name="testDeleteUserByName" time="1.086"/>
</testsuite> <!-- api.test.UserTests -->
