<?xml version="1.0" encoding="UTF-8"?>
<!-- Generated by org.testng.reporters.JUnitReportReporter -->
<testsuite hostname="Karim" failures="0" tests="4" name="api.test.UserTests" time="12.183" errors="0" timestamp="2024-06-17T19:08:13 IST" skipped="0">
  <testcase classname="api.test.UserTests" name="testCreateUser" time="2.386"/>
  <testcase classname="api.test.UserTests" name="testGetUserByName" time="2.622"/>
  <testcase classname="api.test.UserTests" name="testUpdateUserByName" time="4.761"/>
  <testcase classname="api.test.UserTests" name="testDeleteUserByName" time="2.414"/>
</testsuite> <!-- api.test.UserTests -->
