<?xml version="1.0" encoding="UTF-8"?>
<!-- Generated by org.testng.reporters.JUnitReportReporter -->
<testsuite hostname="Karim" failures="0" tests="4" name="api.test.UserTests" time="5.421" errors="0" timestamp="2024-06-13T09:17:09 IST" skipped="0">
  <testcase classname="api.test.UserTests" name="testCreateUser" time="1.126"/>
  <testcase classname="api.test.UserTests" name="testGetUserByName" time="1.072"/>
  <testcase classname="api.test.UserTests" name="testUpdateUserByName" time="2.160"/>
  <testcase classname="api.test.UserTests" name="testDeleteUserByName" time="1.063"/>
</testsuite> <!-- api.test.UserTests -->
