<?xml version="1.0" encoding="UTF-8"?>
<!-- Generated by org.testng.reporters.JUnitReportReporter -->
<testsuite hostname="Karim" failures="0" tests="42" name="api.test.DDTests" time="55.070" errors="0" timestamp="2024-06-10T10:28:54 IST" skipped="0">
  <testcase classname="api.test.DDTests" name="testPostuser" time="1.094"/>
  <testcase classname="api.test.DDTests" name="testPostuser" time="1.079"/>
  <testcase classname="api.test.DDTests" name="testPostuser" time="3.770"/>
  <testcase classname="api.test.DDTests" name="testPostuser" time="1.027"/>
  <testcase classname="api.test.DDTests" name="testPostuser" time="1.025"/>
  <testcase classname="api.test.DDTests" name="testPostuser" time="1.095"/>
  <testcase classname="api.test.DDTests" name="testPostuser" time="1.083"/>
  <testcase classname="api.test.DDTests" name="testPostuser" time="1.057"/>
  <testcase classname="api.test.DDTests" name="testPostuser" time="4.819"/>
  <testcase classname="api.test.DDTests" name="testPostuser" time="1.031"/>
  <testcase classname="api.test.DDTests" name="testPostuser" time="1.067"/>
  <testcase classname="api.test.DDTests" name="testPostuser" time="1.102"/>
  <testcase classname="api.test.DDTests" name="testPostuser" time="1.071"/>
  <testcase classname="api.test.DDTests" name="testPostuser" time="1.097"/>
  <testcase classname="api.test.DDTests" name="testUpdateuser" time="1.168"/>
  <testcase classname="api.test.DDTests" name="testUpdateuser" time="1.054"/>
  <testcase classname="api.test.DDTests" name="testUpdateuser" time="1.034"/>
  <testcase classname="api.test.DDTests" name="testUpdateuser" time="1.068"/>
  <testcase classname="api.test.DDTests" name="testUpdateuser" time="1.096"/>
  <testcase classname="api.test.DDTests" name="testUpdateuser" time="1.146"/>
  <testcase classname="api.test.DDTests" name="testUpdateuser" time="1.080"/>
  <testcase classname="api.test.DDTests" name="testUpdateuser" time="1.110"/>
  <testcase classname="api.test.DDTests" name="testUpdateuser" time="1.132"/>
  <testcase classname="api.test.DDTests" name="testUpdateuser" time="1.087"/>
  <testcase classname="api.test.DDTests" name="testUpdateuser" time="1.062"/>
  <testcase classname="api.test.DDTests" name="testUpdateuser" time="1.027"/>
  <testcase classname="api.test.DDTests" name="testUpdateuser" time="1.196"/>
  <testcase classname="api.test.DDTests" name="testUpdateuser" time="1.118"/>
  <testcase classname="api.test.DDTests" name="testDeleteUserByName" time="1.125"/>
  <testcase classname="api.test.DDTests" name="testDeleteUserByName" time="4.064"/>
  <testcase classname="api.test.DDTests" name="testDeleteUserByName" time="1.063"/>
  <testcase classname="api.test.DDTests" name="testDeleteUserByName" time="1.066"/>
  <testcase classname="api.test.DDTests" name="testDeleteUserByName" time="1.062"/>
  <testcase classname="api.test.DDTests" name="testDeleteUserByName" time="1.095"/>
  <testcase classname="api.test.DDTests" name="testDeleteUserByName" time="1.141"/>
  <testcase classname="api.test.DDTests" name="testDeleteUserByName" time="1.094"/>
  <testcase classname="api.test.DDTests" name="testDeleteUserByName" time="1.079"/>
  <testcase classname="api.test.DDTests" name="testDeleteUserByName" time="1.110"/>
  <testcase classname="api.test.DDTests" name="testDeleteUserByName" time="1.094"/>
  <testcase classname="api.test.DDTests" name="testDeleteUserByName" time="1.156"/>
  <testcase classname="api.test.DDTests" name="testDeleteUserByName" time="1.094"/>
  <testcase classname="api.test.DDTests" name="testDeleteUserByName" time="1.032"/>
</testsuite> <!-- api.test.DDTests -->
