<?xml version="1.0" encoding="UTF-8"?>
<!-- Generated by org.testng.reporters.JUnitReportReporter -->
<testsuite hostname="Karim" failures="0" tests="23" name="api.test.PetTests" time="25.448" errors="0" timestamp="2024-06-23T13:33:28 IST" skipped="0">
  <testcase classname="api.test.PetTests" name="testAddPet" time="1.108"/>
  <testcase classname="api.test.PetTests" name="testAddPet" time="1.055"/>
  <testcase classname="api.test.PetTests" name="testAddPet" time="1.084"/>
  <testcase classname="api.test.PetTests" name="testAddPet" time="1.086"/>
  <testcase classname="api.test.PetTests" name="testAddPet" time="1.053"/>
  <testcase classname="api.test.PetTests" name="testAddPet" time="1.214"/>
  <testcase classname="api.test.PetTests" name="testAddPet" time="1.102"/>
  <testcase classname="api.test.PetTests" name="testAddPet" time="1.086"/>
  <testcase classname="api.test.PetTests" name="testAddPet" time="1.084"/>
  <testcase classname="api.test.PetTests" name="testAddPet" time="1.258"/>
  <testcase classname="api.test.PetTests" name="testAddPet" time="1.052"/>
  <testcase classname="api.test.PetTests" name="testAddPet" time="1.078"/>
  <testcase classname="api.test.PetTests" name="testAddPet" time="1.029"/>
  <testcase classname="api.test.PetTests" name="testAddPet" time="1.084"/>
  <testcase classname="api.test.PetTests" name="testUpdatePet" time="1.054"/>
  <testcase classname="api.test.PetTests" name="testUpdatePet" time="1.086"/>
  <testcase classname="api.test.PetTests" name="testUpdatePet" time="1.068"/>
  <testcase classname="api.test.PetTests" name="testUpdatePet" time="1.036"/>
  <testcase classname="api.test.PetTests" name="testUpdatePet" time="1.052"/>
  <testcase classname="api.test.PetTests" name="testFindByStatus" time="1.493"/>
  <testcase classname="api.test.PetTests" name="testfindPetId" time="1.051"/>
  <testcase classname="api.test.PetTests" name="testUpdatePet1" time="1.131"/>
  <testcase classname="api.test.PetTests" name="testdeleteById" time="1.104"/>
</testsuite> <!-- api.test.PetTests -->
