<?xml version="1.0" encoding="UTF-8"?>
<!-- Generated by org.testng.reporters.JUnitReportReporter -->
<testsuite hostname="Karim" failures="0" tests="13" name="api.test.StoreTests" time="17.465" errors="0" timestamp="2024-06-13T09:17:09 IST" skipped="0">
  <testcase classname="api.test.StoreTests" name="testPostOrderPets" time="1.094"/>
  <testcase classname="api.test.StoreTests" name="testPostOrderPets" time="1.058"/>
  <testcase classname="api.test.StoreTests" name="testPostOrderPets" time="1.094"/>
  <testcase classname="api.test.StoreTests" name="testPostOrderPets" time="1.129"/>
  <testcase classname="api.test.StoreTests" name="testPostOrderPets" time="1.126"/>
  <testcase classname="api.test.StoreTests" name="testPostOrderPets" time="1.174"/>
  <testcase classname="api.test.StoreTests" name="testPostOrderPets" time="1.063"/>
  <testcase classname="api.test.StoreTests" name="testPostOrderPets" time="1.063"/>
  <testcase classname="api.test.StoreTests" name="testPostOrderPets" time="1.078"/>
  <testcase classname="api.test.StoreTests" name="testPostOrderPets" time="1.095"/>
  <testcase classname="api.test.StoreTests" name="testStoreInventory" time="4.270"/>
  <testcase classname="api.test.StoreTests" name="testGetOrderId" time="1.110"/>
  <testcase classname="api.test.StoreTests" name="testdeleteOrderId" time="1.111"/>
</testsuite> <!-- api.test.StoreTests -->
