<?xml version="1.0" encoding="UTF-8"?>
<!-- Generated by org.testng.reporters.JUnitReportReporter -->
<testsuite hostname="Karim" failures="0" tests="13" name="api.test.StoreTests" time="36.933" errors="0" timestamp="2024-06-17T19:08:13 IST" skipped="0">
  <testcase classname="api.test.StoreTests" name="testPostOrderPets" time="3.130"/>
  <testcase classname="api.test.StoreTests" name="testPostOrderPets" time="2.790"/>
  <testcase classname="api.test.StoreTests" name="testPostOrderPets" time="5.873"/>
  <testcase classname="api.test.StoreTests" name="testPostOrderPets" time="2.073"/>
  <testcase classname="api.test.StoreTests" name="testPostOrderPets" time="2.251"/>
  <testcase classname="api.test.StoreTests" name="testPostOrderPets" time="2.741"/>
  <testcase classname="api.test.StoreTests" name="testPostOrderPets" time="2.940"/>
  <testcase classname="api.test.StoreTests" name="testPostOrderPets" time="3.093"/>
  <testcase classname="api.test.StoreTests" name="testPostOrderPets" time="2.127"/>
  <testcase classname="api.test.StoreTests" name="testPostOrderPets" time="2.521"/>
  <testcase classname="api.test.StoreTests" name="testStoreInventory" time="2.968"/>
  <testcase classname="api.test.StoreTests" name="testGetOrderId" time="2.214"/>
  <testcase classname="api.test.StoreTests" name="testdeleteOrderId" time="2.212"/>
</testsuite> <!-- api.test.StoreTests -->
