<?xml version="1.0" encoding="UTF-8"?>
<!-- Generated by org.testng.reporters.JUnitReportReporter -->
<testsuite hostname="Karim" failures="0" tests="4" name="api.test.UserTests" time="5.658" errors="0" timestamp="2024-06-10T10:28:54 IST" skipped="0">
  <testcase classname="api.test.UserTests" name="testCreateUser" time="1.139"/>
  <testcase classname="api.test.UserTests" name="testGetUserByName" time="1.080"/>
  <testcase classname="api.test.UserTests" name="testUpdateUserByName" time="2.205"/>
  <testcase classname="api.test.UserTests" name="testDeleteUserByName" time="1.234"/>
</testsuite> <!-- api.test.UserTests -->
