<?xml version="1.0" encoding="UTF-8"?>
<!-- Generated by org.testng.reporters.JUnitReportReporter -->
<testsuite hostname="Karim" failures="0" tests="42" name="api.test.DDTests" time="48.276" errors="0" timestamp="2024-06-23T13:33:28 IST" skipped="0">
  <testcase classname="api.test.DDTests" name="testPostuser" time="1.105"/>
  <testcase classname="api.test.DDTests" name="testPostuser" time="1.098"/>
  <testcase classname="api.test.DDTests" name="testPostuser" time="1.102"/>
  <testcase classname="api.test.DDTests" name="testPostuser" time="1.088"/>
  <testcase classname="api.test.DDTests" name="testPostuser" time="1.050"/>
  <testcase classname="api.test.DDTests" name="testPostuser" time="1.084"/>
  <testcase classname="api.test.DDTests" name="testPostuser" time="1.064"/>
  <testcase classname="api.test.DDTests" name="testPostuser" time="1.041"/>
  <testcase classname="api.test.DDTests" name="testPostuser" time="1.089"/>
  <testcase classname="api.test.DDTests" name="testPostuser" time="1.067"/>
  <testcase classname="api.test.DDTests" name="testPostuser" time="3.857"/>
  <testcase classname="api.test.DDTests" name="testPostuser" time="1.054"/>
  <testcase classname="api.test.DDTests" name="testPostuser" time="1.101"/>
  <testcase classname="api.test.DDTests" name="testPostuser" time="1.054"/>
  <testcase classname="api.test.DDTests" name="testUpdateuser" time="1.131"/>
  <testcase classname="api.test.DDTests" name="testUpdateuser" time="1.164"/>
  <testcase classname="api.test.DDTests" name="testUpdateuser" time="1.065"/>
  <testcase classname="api.test.DDTests" name="testUpdateuser" time="1.087"/>
  <testcase classname="api.test.DDTests" name="testUpdateuser" time="1.117"/>
  <testcase classname="api.test.DDTests" name="testUpdateuser" time="1.178"/>
  <testcase classname="api.test.DDTests" name="testUpdateuser" time="1.115"/>
  <testcase classname="api.test.DDTests" name="testUpdateuser" time="1.118"/>
  <testcase classname="api.test.DDTests" name="testUpdateuser" time="1.070"/>
  <testcase classname="api.test.DDTests" name="testUpdateuser" time="1.134"/>
  <testcase classname="api.test.DDTests" name="testUpdateuser" time="1.054"/>
  <testcase classname="api.test.DDTests" name="testUpdateuser" time="1.057"/>
  <testcase classname="api.test.DDTests" name="testUpdateuser" time="1.056"/>
  <testcase classname="api.test.DDTests" name="testUpdateuser" time="1.183"/>
  <testcase classname="api.test.DDTests" name="testDeleteUserByName" time="1.136"/>
  <testcase classname="api.test.DDTests" name="testDeleteUserByName" time="1.038"/>
  <testcase classname="api.test.DDTests" name="testDeleteUserByName" time="1.146"/>
  <testcase classname="api.test.DDTests" name="testDeleteUserByName" time="1.086"/>
  <testcase classname="api.test.DDTests" name="testDeleteUserByName" time="1.011"/>
  <testcase classname="api.test.DDTests" name="testDeleteUserByName" time="1.087"/>
  <testcase classname="api.test.DDTests" name="testDeleteUserByName" time="1.022"/>
  <testcase classname="api.test.DDTests" name="testDeleteUserByName" time="1.043"/>
  <testcase classname="api.test.DDTests" name="testDeleteUserByName" time="1.119"/>
  <testcase classname="api.test.DDTests" name="testDeleteUserByName" time="1.048"/>
  <testcase classname="api.test.DDTests" name="testDeleteUserByName" time="1.024"/>
  <testcase classname="api.test.DDTests" name="testDeleteUserByName" time="1.024"/>
  <testcase classname="api.test.DDTests" name="testDeleteUserByName" time="1.008"/>
  <testcase classname="api.test.DDTests" name="testDeleteUserByName" time="1.101"/>
</testsuite> <!-- api.test.DDTests -->
