<?xml version="1.0" encoding="UTF-8"?>
<!-- Generated by org.testng.reporters.JUnitReportReporter -->
<testsuite hostname="Karim" failures="0" tests="1" name="api.test.OrderorDeleteByIdTests" time="1.188" errors="0" timestamp="2024-06-13T09:17:09 IST" skipped="0">
  <testcase classname="api.test.OrderorDeleteByIdTests" name="testGetOrderId" time="1.188"/>
</testsuite> <!-- api.test.OrderorDeleteByIdTests -->
