<?xml version="1.0" encoding="UTF-8"?>
<!-- Generated by org.testng.reporters.JUnitReportReporter -->
<testsuite hostname="Karim" failures="0" tests="42" name="api.test.DDTests" time="55.323" errors="0" timestamp="2024-06-13T09:17:09 IST" skipped="0">
  <testcase classname="api.test.DDTests" name="testPostuser" time="1.107"/>
  <testcase classname="api.test.DDTests" name="testPostuser" time="1.080"/>
  <testcase classname="api.test.DDTests" name="testPostuser" time="1.235"/>
  <testcase classname="api.test.DDTests" name="testPostuser" time="1.205"/>
  <testcase classname="api.test.DDTests" name="testPostuser" time="1.081"/>
  <testcase classname="api.test.DDTests" name="testPostuser" time="1.142"/>
  <testcase classname="api.test.DDTests" name="testPostuser" time="1.127"/>
  <testcase classname="api.test.DDTests" name="testPostuser" time="5.752"/>
  <testcase classname="api.test.DDTests" name="testPostuser" time="1.143"/>
  <testcase classname="api.test.DDTests" name="testPostuser" time="1.142"/>
  <testcase classname="api.test.DDTests" name="testPostuser" time="1.128"/>
  <testcase classname="api.test.DDTests" name="testPostuser" time="2.221"/>
  <testcase classname="api.test.DDTests" name="testPostuser" time="1.064"/>
  <testcase classname="api.test.DDTests" name="testPostuser" time="1.080"/>
  <testcase classname="api.test.DDTests" name="testUpdateuser" time="1.205"/>
  <testcase classname="api.test.DDTests" name="testUpdateuser" time="1.188"/>
  <testcase classname="api.test.DDTests" name="testUpdateuser" time="1.120"/>
  <testcase classname="api.test.DDTests" name="testUpdateuser" time="1.154"/>
  <testcase classname="api.test.DDTests" name="testUpdateuser" time="1.048"/>
  <testcase classname="api.test.DDTests" name="testUpdateuser" time="1.094"/>
  <testcase classname="api.test.DDTests" name="testUpdateuser" time="1.064"/>
  <testcase classname="api.test.DDTests" name="testUpdateuser" time="1.186"/>
  <testcase classname="api.test.DDTests" name="testUpdateuser" time="3.622"/>
  <testcase classname="api.test.DDTests" name="testUpdateuser" time="1.078"/>
  <testcase classname="api.test.DDTests" name="testUpdateuser" time="1.110"/>
  <testcase classname="api.test.DDTests" name="testUpdateuser" time="1.127"/>
  <testcase classname="api.test.DDTests" name="testUpdateuser" time="1.126"/>
  <testcase classname="api.test.DDTests" name="testUpdateuser" time="1.157"/>
  <testcase classname="api.test.DDTests" name="testDeleteUserByName" time="1.128"/>
  <testcase classname="api.test.DDTests" name="testDeleteUserByName" time="1.152"/>
  <testcase classname="api.test.DDTests" name="testDeleteUserByName" time="1.110"/>
  <testcase classname="api.test.DDTests" name="testDeleteUserByName" time="1.078"/>
  <testcase classname="api.test.DDTests" name="testDeleteUserByName" time="1.127"/>
  <testcase classname="api.test.DDTests" name="testDeleteUserByName" time="1.141"/>
  <testcase classname="api.test.DDTests" name="testDeleteUserByName" time="1.079"/>
  <testcase classname="api.test.DDTests" name="testDeleteUserByName" time="1.079"/>
  <testcase classname="api.test.DDTests" name="testDeleteUserByName" time="1.079"/>
  <testcase classname="api.test.DDTests" name="testDeleteUserByName" time="1.060"/>
  <testcase classname="api.test.DDTests" name="testDeleteUserByName" time="1.122"/>
  <testcase classname="api.test.DDTests" name="testDeleteUserByName" time="1.094"/>
  <testcase classname="api.test.DDTests" name="testDeleteUserByName" time="1.114"/>
  <testcase classname="api.test.DDTests" name="testDeleteUserByName" time="1.174"/>
</testsuite> <!-- api.test.DDTests -->
