<?xml version="1.0" encoding="UTF-8"?>
<!-- Generated by org.testng.reporters.JUnitReportReporter -->
<testsuite hostname="Karim" failures="0" tests="42" name="api.test.DDTests" time="91.384" errors="0" timestamp="2024-06-17T19:08:13 IST" skipped="0">
  <testcase classname="api.test.DDTests" name="testPostuser" time="1.668"/>
  <testcase classname="api.test.DDTests" name="testPostuser" time="4.991"/>
  <testcase classname="api.test.DDTests" name="testPostuser" time="1.610"/>
  <testcase classname="api.test.DDTests" name="testPostuser" time="2.282"/>
  <testcase classname="api.test.DDTests" name="testPostuser" time="2.969"/>
  <testcase classname="api.test.DDTests" name="testPostuser" time="3.386"/>
  <testcase classname="api.test.DDTests" name="testPostuser" time="6.972"/>
  <testcase classname="api.test.DDTests" name="testPostuser" time="2.377"/>
  <testcase classname="api.test.DDTests" name="testPostuser" time="2.301"/>
  <testcase classname="api.test.DDTests" name="testPostuser" time="1.943"/>
  <testcase classname="api.test.DDTests" name="testPostuser" time="3.432"/>
  <testcase classname="api.test.DDTests" name="testPostuser" time="3.158"/>
  <testcase classname="api.test.DDTests" name="testPostuser" time="2.991"/>
  <testcase classname="api.test.DDTests" name="testPostuser" time="2.525"/>
  <testcase classname="api.test.DDTests" name="testUpdateuser" time="1.053"/>
  <testcase classname="api.test.DDTests" name="testUpdateuser" time="1.107"/>
  <testcase classname="api.test.DDTests" name="testUpdateuser" time="1.083"/>
  <testcase classname="api.test.DDTests" name="testUpdateuser" time="1.205"/>
  <testcase classname="api.test.DDTests" name="testUpdateuser" time="1.522"/>
  <testcase classname="api.test.DDTests" name="testUpdateuser" time="2.001"/>
  <testcase classname="api.test.DDTests" name="testUpdateuser" time="1.086"/>
  <testcase classname="api.test.DDTests" name="testUpdateuser" time="1.094"/>
  <testcase classname="api.test.DDTests" name="testUpdateuser" time="1.129"/>
  <testcase classname="api.test.DDTests" name="testUpdateuser" time="1.348"/>
  <testcase classname="api.test.DDTests" name="testUpdateuser" time="4.346"/>
  <testcase classname="api.test.DDTests" name="testUpdateuser" time="1.037"/>
  <testcase classname="api.test.DDTests" name="testUpdateuser" time="2.024"/>
  <testcase classname="api.test.DDTests" name="testUpdateuser" time="1.072"/>
  <testcase classname="api.test.DDTests" name="testDeleteUserByName" time="1.080"/>
  <testcase classname="api.test.DDTests" name="testDeleteUserByName" time="2.198"/>
  <testcase classname="api.test.DDTests" name="testDeleteUserByName" time="1.135"/>
  <testcase classname="api.test.DDTests" name="testDeleteUserByName" time="2.890"/>
  <testcase classname="api.test.DDTests" name="testDeleteUserByName" time="2.137"/>
  <testcase classname="api.test.DDTests" name="testDeleteUserByName" time="2.040"/>
  <testcase classname="api.test.DDTests" name="testDeleteUserByName" time="1.081"/>
  <testcase classname="api.test.DDTests" name="testDeleteUserByName" time="2.461"/>
  <testcase classname="api.test.DDTests" name="testDeleteUserByName" time="2.247"/>
  <testcase classname="api.test.DDTests" name="testDeleteUserByName" time="4.550"/>
  <testcase classname="api.test.DDTests" name="testDeleteUserByName" time="1.133"/>
  <testcase classname="api.test.DDTests" name="testDeleteUserByName" time="1.051"/>
  <testcase classname="api.test.DDTests" name="testDeleteUserByName" time="1.202"/>
  <testcase classname="api.test.DDTests" name="testDeleteUserByName" time="2.467"/>
</testsuite> <!-- api.test.DDTests -->
